app/build/intermediates/manifest_merge_blame_file/debug/manifest-merger-blame-debug-report.txt
1<?xml version="1.0" encoding="utf-8"?>
2<manifest xmlns:android="http://schemas.android.com/apk/res/android"
3    package="com.example.application"
4    android:versionCode="1"
5    android:versionName="1.0" >
6
7    <uses-sdk
8        android:minSdkVersion="23"
8-->src\main\AndroidManifest.xml
9        android:targetSdkVersion="29" />
9-->src\main\AndroidManifest.xml
10
11    <uses-permission android:name="android.permission.INTERNET" />
11-->src\main\AndroidManifest.xml:5:5-67
11-->src\main\AndroidManifest.xml:5:22-64
12    <uses-permission android:name="android.permission.ACCESS_FINE_LOCATION" />
12-->src\main\AndroidManifest.xml:6:5-79
12-->src\main\AndroidManifest.xml:6:22-76
13    <uses-permission android:name="android.permission.WRITE_EXTERNAL_STORAGE" />
13-->src\main\AndroidManifest.xml:7:5-81
13-->src\main\AndroidManifest.xml:7:22-78
14    <uses-permission android:name="android.permission.READ_EXTERNAL_STORAGE" />
14-->src\main\AndroidManifest.xml:8:5-80
14-->src\main\AndroidManifest.xml:8:22-77
15
16    <meta-data
16-->src\main\AndroidManifest.xml:10:5-12:67
17        android:name="com.google.android.geo.API_KEY"
17-->src\main\AndroidManifest.xml:11:9-54
18        android:value="AIzaSyAm5SI80r9u0dH1raFtYKryp3jT-XE4Y1A" />
18-->src\main\AndroidManifest.xml:12:9-64
19
20    <!-- Include required permissions for Google Maps API to run. -->
21    <uses-permission android:name="android.permission.ACCESS_NETWORK_STATE" />
21-->[com.google.android.gms:play-services-maps:12.0.0] AndroidManifest.xml:23:5-79
21-->[com.google.android.gms:play-services-maps:12.0.0] AndroidManifest.xml:23:22-76
22
23    <uses-feature
23-->[com.google.android.gms:play-services-maps:12.0.0] AndroidManifest.xml:26:5-28:35
24        android:glEsVersion="0x00020000"
24-->[com.google.android.gms:play-services-maps:12.0.0] AndroidManifest.xml:27:9-41
25        android:required="true" />
25-->[com.google.android.gms:play-services-maps:12.0.0] AndroidManifest.xml:28:9-32
26
27    <uses-permission android:name="android.permission.READ_PHONE_STATE" />
28
29    <application
29-->src\main\AndroidManifest.xml:14:5-37:19
30        android:allowBackup="true"
30-->src\main\AndroidManifest.xml:15:9-35
31        android:appComponentFactory="androidx.core.app.CoreComponentFactory"
31-->[androidx.core:core:1.0.1] AndroidManifest.xml:22:18-86
32        android:debuggable="true"
33        android:icon="@mipmap/ic_launcher"
33-->src\main\AndroidManifest.xml:16:9-43
34        android:label="@string/app_name"
34-->src\main\AndroidManifest.xml:17:9-41
35        android:roundIcon="@mipmap/ic_launcher_round"
35-->src\main\AndroidManifest.xml:18:9-54
36        android:supportsRtl="true"
36-->src\main\AndroidManifest.xml:19:9-35
37        android:testOnly="true"
38        android:theme="@style/Theme.AppCompat.NoActionBar" >
38-->src\main\AndroidManifest.xml:20:9-59
39        <activity android:name="com.example.application.Activities.SplashScreen" >
39-->src\main\AndroidManifest.xml:21:9-27:20
39-->src\main\AndroidManifest.xml:21:19-58
40            <intent-filter>
40-->src\main\AndroidManifest.xml:22:13-26:29
41                <action android:name="android.intent.action.MAIN" />
41-->src\main\AndroidManifest.xml:23:17-69
41-->src\main\AndroidManifest.xml:23:25-66
42
43                <category android:name="android.intent.category.LAUNCHER" />
43-->src\main\AndroidManifest.xml:25:17-77
43-->src\main\AndroidManifest.xml:25:27-74
44            </intent-filter>
45        </activity>
46        <activity android:name="com.example.application.Activities.AddGymDataActivity" />
46-->src\main\AndroidManifest.xml:28:9-67
46-->src\main\AndroidManifest.xml:28:19-64
47        <activity android:name="com.example.application.Activities.GymOwnerProfileActivity" />
47-->src\main\AndroidManifest.xml:29:9-72
47-->src\main\AndroidManifest.xml:29:19-69
48        <activity android:name="com.example.application.Owner" />
48-->src\main\AndroidManifest.xml:30:9-43
48-->src\main\AndroidManifest.xml:30:19-40
49        <activity android:name="com.example.application.GymOwnerLogin" />
49-->src\main\AndroidManifest.xml:31:9-51
49-->src\main\AndroidManifest.xml:31:19-48
50        <activity android:name="com.example.application.Index" >
50-->src\main\AndroidManifest.xml:32:9-34:20
50-->src\main\AndroidManifest.xml:32:19-40
51        </activity>
52        <activity android:name="com.example.application.Register" />
52-->src\main\AndroidManifest.xml:35:9-46
52-->src\main\AndroidManifest.xml:35:19-43
53        <activity android:name="com.example.application.Dialogs.AddGymServicesDialog" />
53-->src\main\AndroidManifest.xml:36:9-66
53-->src\main\AndroidManifest.xml:36:19-63
54
55        <provider
55-->[com.google.firebase:firebase-common:12.0.0] AndroidManifest.xml:8:9-12:39
56            android:name="com.google.firebase.provider.FirebaseInitProvider"
56-->[com.google.firebase:firebase-common:12.0.0] AndroidManifest.xml:9:13-77
57            android:authorities="com.example.application.firebaseinitprovider"
57-->[com.google.firebase:firebase-common:12.0.0] AndroidManifest.xml:10:13-72
58            android:exported="false"
58-->[com.google.firebase:firebase-common:12.0.0] AndroidManifest.xml:11:13-37
59            android:initOrder="100" />
59-->[com.google.firebase:firebase-common:12.0.0] AndroidManifest.xml:12:13-36
60
61        <activity
61-->[com.google.android.gms:play-services-base:12.0.0] AndroidManifest.xml:23:9-26:75
62            android:name="com.google.android.gms.common.api.GoogleApiActivity"
62-->[com.google.android.gms:play-services-base:12.0.0] AndroidManifest.xml:24:13-79
63            android:exported="false"
63-->[com.google.android.gms:play-services-base:12.0.0] AndroidManifest.xml:25:13-37
64            android:theme="@android:style/Theme.Translucent.NoTitleBar" />
64-->[com.google.android.gms:play-services-base:12.0.0] AndroidManifest.xml:26:13-72
65
66        <meta-data
66-->[com.google.android.gms:play-services-basement:12.0.0] AndroidManifest.xml:23:9-25:69
67            android:name="com.google.android.gms.version"
67-->[com.google.android.gms:play-services-basement:12.0.0] AndroidManifest.xml:24:13-58
68            android:value="@integer/google_play_services_version" />
68-->[com.google.android.gms:play-services-basement:12.0.0] AndroidManifest.xml:25:13-66
69    </application>
70
71</manifest>